2024-03-07 15:50:45	WARNING	Working....
2024-03-07 15:50:45	NOTICE	Working....
2024-03-07 15:50:45	INFO	Working....
2024-03-07 15:50:45	DEBUG	Working....
2024-03-07 15:50:45	[NOLEVEL]	Working....
2024-03-07 15:50:45	[NOLEVEL]	Working....
2024-03-07 15:50:47	WARNING	Working....
2024-03-07 15:50:47	NOTICE	Working....
2024-03-07 15:50:47	INFO	Working....
2024-03-07 15:50:47	DEBUG	Working....
2024-03-07 15:50:47	[NOLEVEL]	Working....
2024-03-07 15:50:47	[NOLEVEL]	Working....
2024-03-07 15:56:11	WARNING	Working....
2024-03-07 15:56:11	NOTICE	Working....
2024-03-07 15:56:11	INFO	Working....
2024-03-07 15:56:11	DEBUG	Working....
2024-03-07 15:56:11	[NOLEVEL]	Working....
2024-03-07 15:56:11	[NOLEVEL]	Working....
2024-03-07 15:56:22	WARNING	Working....
2024-03-07 15:56:22	NOTICE	Working....
2024-03-07 15:56:22	INFO	Working....
2024-03-07 15:56:22	DEBUG	Working....
2024-03-07 15:56:22	[NOLEVEL]	Working....
2024-03-07 15:56:22	[NOLEVEL]	Working....
2024-03-07 15:57:28	WARNING	Working....
2024-03-07 15:57:28	NOTICE	Working....
2024-03-07 15:57:28	INFO	Working....
2024-03-07 15:57:28	DEBUG	Working....
2024-03-07 15:57:28	[NOLEVEL]	Working....
2024-03-07 15:57:28	[NOLEVEL]	Working....
